[ModelSelection/Synthetic] N=200 (trials=5, folds=3, r=[1, 2, 3, 4, 5, 6, 7, 8], parallel, n_jobs=4)
  (heartbeat every 30s)
  Submitted 5/5 remaining trial jobs.
  heartbeat: 0/5 done; 5 running; elapsed 0.5 min; longest 0.5 min
  heartbeat: 0/5 done; 5 running; elapsed 1.0 min; longest 1.0 min
  heartbeat: 0/5 done; 5 running; elapsed 1.5 min; longest 1.5 min
  heartbeat: 0/5 done; 5 running; elapsed 2.0 min; longest 2.0 min
  done 1/5 (trial 1)
  done 2/5 (trial 4)
  done 3/5 (trial 3)
  done 4/5 (trial 2)
  heartbeat: 4/5 done; 1 running; elapsed 2.9 min; longest 2.9 min, ETA ~2.4 min
  heartbeat: 4/5 done; 1 running; elapsed 3.4 min; longest 3.4 min, ETA ~2.4 min
  heartbeat: 4/5 done; 1 running; elapsed 3.9 min; longest 3.9 min, ETA ~2.4 min
  done 5/5 (trial 5)
[ModelSelection/Synthetic] N=500 (trials=5, folds=3, r=[1, 2, 3, 4, 5, 6, 7, 8], parallel, n_jobs=4)
  (heartbeat every 30s)
  Submitted 5/5 remaining trial jobs.
  heartbeat: 0/5 done; 5 running; elapsed 0.5 min; longest 0.5 min
  heartbeat: 0/5 done; 5 running; elapsed 1.0 min; longest 1.0 min
  heartbeat: 0/5 done; 5 running; elapsed 1.5 min; longest 1.5 min
  heartbeat: 0/5 done; 5 running; elapsed 2.0 min; longest 2.0 min
  done 1/5 (trial 4)
  done 2/5 (trial 1)
  done 3/5 (trial 2)
  done 4/5 (trial 3)
  heartbeat: 4/5 done; 1 running; elapsed 2.7 min; longest 2.7 min, ETA ~2.1 min
  heartbeat: 4/5 done; 1 running; elapsed 3.2 min; longest 3.2 min, ETA ~2.1 min
  heartbeat: 4/5 done; 1 running; elapsed 3.7 min; longest 3.7 min, ETA ~2.1 min
  heartbeat: 4/5 done; 1 running; elapsed 4.2 min; longest 4.2 min, ETA ~2.1 min
  done 5/5 (trial 5)
Saved:
  results_model_selection/synthetic/selection_accuracy_table.csv
  results_model_selection/synthetic/bic_per_trial.csv
  results_model_selection/synthetic/cv_mse_per_trial.csv
  results_model_selection/synthetic\figures/figure_bic_curves.png
  results_model_selection/synthetic\figures/figure_cv_mse_curves.png
